<?xml version="1.0" encoding="UTF-8"?>
<!-- Generated by org.testng.reporters.JUnitReportReporter -->
<testsuite skipped="0" hostname="LAPTOP-E74DTKLP" name="com.w2a.testcases.LoginTest" tests="1" failures="0" timestamp="2020-08-31T14:54:36 MST" time="9.541" errors="0">
  <testcase name="loginTest" time="9.541" classname="com.w2a.testcases.LoginTest"/>
  <system-out/>
</testsuite> <!-- com.w2a.testcases.LoginTest -->
